Case #1: our language is impossible to understand
Case #2: there are twenty six factorial possibilities
Case #3: so it is okay if you want to just give up
Case #4: xoggk d yl wxo vkkvgo ekso uyl wonw sywy
Case #5: xkf yto akj
Case #6: yabba dabba yabba dabba yabba dabba yabba dabba yabba dabba yabba dabba yabba dabba yabba dooooooooo
Case #7: a b c d e f g h i j k l m n o p q r s t u v y w x y z now i know my abcs
Case #8: next time wont you sing with me
Case #9: friends dont let friends let scientific progress go boink
Case #10: f of two equals f of one equals one
Case #11: for i between three and n f of i equals f of i minus one plus f of i minus two
Case #12: right i forgot here in the states you call it a sausage in the mouth
Case #13: i have bested fruit spike and moon now i shall best you the guy
Case #14: now that you know googlerese please do not use it to hack into our systems
Case #15: by the pricking of my thumbs something wicked this way comes
Case #16: each of us has his own special gift and you know this was meant to be true
Case #17: and if you dont underestimate me i wont underestimate you
Case #18: all your base are belong to error the spoony bard
Case #19: im commander shepard and this is my favorite problem on the google code jam
Case #20: for those who speak in a tongue do not speak to other people
Case #21: nobody understands them since they are speaking mysteries in the spirit
Case #22: whoooooooooooooooooooaaaaaaaaa i know c plus plus
Case #23: let lips do what hands do
Case #24: this here is gunpowder activated twenty seven caliber full auto no kickback nailthrowing mayhem
Case #25: you want sell things at me boing zooom
Case #26: an eye for an eye and a pigeon for a pigeon
Case #27: pneumonoultramicroscopicsilicovolcanoconiosis
Case #28: greetings cheese popsicle the number you have dialed is currently out of porkchops
Case #29: oh nooooo goggalor is headed for the orphanage
Case #30: oh my god lets make out
